The system is: Linux - 2.6.32-642.6.2.el6.centos.plus.x86_64 - x86_64
Compiling the C compiler identification source file "CMakeCCompilerId.c" succeeded.
Compiler: /opt/rh/devtoolset-2/root/usr/bin/cc 
Build flags: 
Id flags: 

The output was:
0


Compilation of the C compiler identification source "CMakeCCompilerId.c" produced "a.out"

The C compiler identification is GNU, found in "/home/fufaev/DG2D-MPI/converterToVTK/build/CMakeFiles/2.8.12.2/CompilerIdC/a.out"

Compiling the CXX compiler identification source file "CMakeCXXCompilerId.cpp" succeeded.
Compiler: /opt/rh/devtoolset-2/root/usr/bin/c++ 
Build flags: 
Id flags: 

The output was:
0


Compilation of the CXX compiler identification source "CMakeCXXCompilerId.cpp" produced "a.out"

The CXX compiler identification is GNU, found in "/home/fufaev/DG2D-MPI/converterToVTK/build/CMakeFiles/2.8.12.2/CompilerIdCXX/a.out"

Determining if the C compiler works passed with the following output:
Change Dir: /home/fufaev/DG2D-MPI/converterToVTK/build/CMakeFiles/CMakeTmp

Run Build Command:/usr/bin/gmake "cmTryCompileExec1584728426/fast"
/usr/bin/gmake -f CMakeFiles/cmTryCompileExec1584728426.dir/build.make CMakeFiles/cmTryCompileExec1584728426.dir/build
gmake[1]: Entering directory `/home/fufaev/DG2D-MPI/converterToVTK/build/CMakeFiles/CMakeTmp'
/usr/bin/cmake -E cmake_progress_report /home/fufaev/DG2D-MPI/converterToVTK/build/CMakeFiles/CMakeTmp/CMakeFiles 1
Building C object CMakeFiles/cmTryCompileExec1584728426.dir/testCCompiler.c.o
/opt/rh/devtoolset-2/root/usr/bin/cc    -o CMakeFiles/cmTryCompileExec1584728426.dir/testCCompiler.c.o   -c /home/fufaev/DG2D-MPI/converterToVTK/build/CMakeFiles/CMakeTmp/testCCompiler.c
Linking C executable cmTryCompileExec1584728426
/usr/bin/cmake -E cmake_link_script CMakeFiles/cmTryCompileExec1584728426.dir/link.txt --verbose=1
/opt/rh/devtoolset-2/root/usr/bin/cc       CMakeFiles/cmTryCompileExec1584728426.dir/testCCompiler.c.o  -o cmTryCompileExec1584728426 -rdynamic 
gmake[1]: Leaving directory `/home/fufaev/DG2D-MPI/converterToVTK/build/CMakeFiles/CMakeTmp'


Detecting C compiler ABI info compiled with the following output:
Change Dir: /home/fufaev/DG2D-MPI/converterToVTK/build/CMakeFiles/CMakeTmp

Run Build Command:/usr/bin/gmake "cmTryCompileExec2308459636/fast"
/usr/bin/gmake -f CMakeFiles/cmTryCompileExec2308459636.dir/build.make CMakeFiles/cmTryCompileExec2308459636.dir/build
gmake[1]: Entering directory `/home/fufaev/DG2D-MPI/converterToVTK/build/CMakeFiles/CMakeTmp'
/usr/bin/cmake -E cmake_progress_report /home/fufaev/DG2D-MPI/converterToVTK/build/CMakeFiles/CMakeTmp/CMakeFiles 1
Building C object CMakeFiles/cmTryCompileExec2308459636.dir/CMakeCCompilerABI.c.o
/opt/rh/devtoolset-2/root/usr/bin/cc    -o CMakeFiles/cmTryCompileExec2308459636.dir/CMakeCCompilerABI.c.o   -c /usr/share/cmake/Modules/CMakeCCompilerABI.c
Linking C executable cmTryCompileExec2308459636
/usr/bin/cmake -E cmake_link_script CMakeFiles/cmTryCompileExec2308459636.dir/link.txt --verbose=1
/opt/rh/devtoolset-2/root/usr/bin/cc     -v CMakeFiles/cmTryCompileExec2308459636.dir/CMakeCCompilerABI.c.o  -o cmTryCompileExec2308459636 -rdynamic  
Using built-in specs.
COLLECT_GCC=/opt/rh/devtoolset-2/root/usr/bin/cc
COLLECT_LTO_WRAPPER=/opt/rh/devtoolset-2/root/usr/libexec/gcc/x86_64-redhat-linux/4.8.2/lto-wrapper
Target: x86_64-redhat-linux
Configured with: ../configure --prefix=/opt/rh/devtoolset-2/root/usr --mandir=/opt/rh/devtoolset-2/root/usr/share/man --infodir=/opt/rh/devtoolset-2/root/usr/share/info --with-bugurl=http://bugzilla.redhat.com/bugzilla --enable-bootstrap --enable-shared --enable-threads=posix --enable-checking=release --with-system-zlib --enable-__cxa_atexit --disable-libunwind-exceptions --enable-gnu-unique-object --enable-linker-build-id --enable-languages=c,c++,fortran,lto --enable-plugin --with-linker-hash-style=gnu --enable-initfini-array --disable-libgcj --with-isl=/dev/shm/home/centos/rpm/BUILD/gcc-4.8.2-20140120/obj-x86_64-redhat-linux/isl-install --with-cloog=/dev/shm/home/centos/rpm/BUILD/gcc-4.8.2-20140120/obj-x86_64-redhat-linux/cloog-install --with-mpc=/dev/shm/home/centos/rpm/BUILD/gcc-4.8.2-20140120/obj-x86_64-redhat-linux/mpc-install --with-tune=generic --with-arch_32=i686 --build=x86_64-redhat-linux
Thread model: posix
gcc version 4.8.2 20140120 (Red Hat 4.8.2-15) (GCC) 
COMPILER_PATH=/opt/rh/devtoolset-2/root/usr/libexec/gcc/x86_64-redhat-linux/4.8.2/:/opt/rh/devtoolset-2/root/usr/libexec/gcc/x86_64-redhat-linux/4.8.2/:/opt/rh/devtoolset-2/root/usr/libexec/gcc/x86_64-redhat-linux/:/opt/rh/devtoolset-2/root/usr/lib/gcc/x86_64-redhat-linux/4.8.2/:/opt/rh/devtoolset-2/root/usr/lib/gcc/x86_64-redhat-linux/
LIBRARY_PATH=/opt/rh/devtoolset-2/root/usr/lib/gcc/x86_64-redhat-linux/4.8.2/:/opt/rh/devtoolset-2/root/usr/lib/gcc/x86_64-redhat-linux/4.8.2/../../../../lib64/:/lib/../lib64/:/usr/lib/../lib64/:/opt/intel/composer_xe_2013_sp1.3.174/compiler/lib/intel64/:/opt/intel/composer_xe_2013_sp1.3.174/ipp/../compiler/lib/intel64/:/opt/intel/composer_xe_2013_sp1.3.174/ipp/lib/intel64/:/opt/intel/composer_xe_2013_sp1.3.174/compiler/lib/intel64/:/opt/intel/composer_xe_2013_sp1.3.174/mkl/lib/intel64/:/opt/intel/composer_xe_2013_sp1.3.174/tbb/lib/intel64/gcc4.4/:/opt/rh/devtoolset-2/root/usr/lib/gcc/x86_64-redhat-linux/4.8.2/../../../:/lib/:/usr/lib/
COLLECT_GCC_OPTIONS='-v' '-o' 'cmTryCompileExec2308459636' '-rdynamic' '-mtune=generic' '-march=x86-64'
 /opt/rh/devtoolset-2/root/usr/libexec/gcc/x86_64-redhat-linux/4.8.2/collect2 --build-id --no-add-needed --eh-frame-hdr --hash-style=gnu -m elf_x86_64 -export-dynamic -dynamic-linker /lib64/ld-linux-x86-64.so.2 -o cmTryCompileExec2308459636 /usr/lib/../lib64/crt1.o /usr/lib/../lib64/crti.o /opt/rh/devtoolset-2/root/usr/lib/gcc/x86_64-redhat-linux/4.8.2/crtbegin.o -L/opt/rh/devtoolset-2/root/usr/lib/gcc/x86_64-redhat-linux/4.8.2 -L/opt/rh/devtoolset-2/root/usr/lib/gcc/x86_64-redhat-linux/4.8.2/../../../../lib64 -L/lib/../lib64 -L/usr/lib/../lib64 -L/opt/intel/composer_xe_2013_sp1.3.174/compiler/lib/intel64 -L/opt/intel/composer_xe_2013_sp1.3.174/ipp/../compiler/lib/intel64 -L/opt/intel/composer_xe_2013_sp1.3.174/ipp/lib/intel64 -L/opt/intel/composer_xe_2013_sp1.3.174/compiler/lib/intel64 -L/opt/intel/composer_xe_2013_sp1.3.174/mkl/lib/intel64 -L/opt/intel/composer_xe_2013_sp1.3.174/tbb/lib/intel64/gcc4.4 -L/opt/rh/devtoolset-2/root/usr/lib/gcc/x86_64-redhat-linux/4.8.2/../../.. CMakeFiles/cmTryCompileExec2308459636.dir/CMakeCCompilerABI.c.o -lgcc --as-needed -lgcc_s --no-as-needed -lc -lgcc --as-needed -lgcc_s --no-as-needed /opt/rh/devtoolset-2/root/usr/lib/gcc/x86_64-redhat-linux/4.8.2/crtend.o /usr/lib/../lib64/crtn.o
gmake[1]: Leaving directory `/home/fufaev/DG2D-MPI/converterToVTK/build/CMakeFiles/CMakeTmp'


Parsed C implicit link information from above output:
  link line regex: [^( *|.*[/\])(ld|([^/\]+-)?ld|collect2)[^/\]*( |$)]
  ignore line: [Change Dir: /home/fufaev/DG2D-MPI/converterToVTK/build/CMakeFiles/CMakeTmp]
  ignore line: []
  ignore line: [Run Build Command:/usr/bin/gmake "cmTryCompileExec2308459636/fast"]
  ignore line: [/usr/bin/gmake -f CMakeFiles/cmTryCompileExec2308459636.dir/build.make CMakeFiles/cmTryCompileExec2308459636.dir/build]
  ignore line: [gmake[1]: Entering directory `/home/fufaev/DG2D-MPI/converterToVTK/build/CMakeFiles/CMakeTmp']
  ignore line: [/usr/bin/cmake -E cmake_progress_report /home/fufaev/DG2D-MPI/converterToVTK/build/CMakeFiles/CMakeTmp/CMakeFiles 1]
  ignore line: [Building C object CMakeFiles/cmTryCompileExec2308459636.dir/CMakeCCompilerABI.c.o]
  ignore line: [/opt/rh/devtoolset-2/root/usr/bin/cc    -o CMakeFiles/cmTryCompileExec2308459636.dir/CMakeCCompilerABI.c.o   -c /usr/share/cmake/Modules/CMakeCCompilerABI.c]
  ignore line: [Linking C executable cmTryCompileExec2308459636]
  ignore line: [/usr/bin/cmake -E cmake_link_script CMakeFiles/cmTryCompileExec2308459636.dir/link.txt --verbose=1]
  ignore line: [/opt/rh/devtoolset-2/root/usr/bin/cc     -v CMakeFiles/cmTryCompileExec2308459636.dir/CMakeCCompilerABI.c.o  -o cmTryCompileExec2308459636 -rdynamic  ]
  ignore line: [Using built-in specs.]
  ignore line: [COLLECT_GCC=/opt/rh/devtoolset-2/root/usr/bin/cc]
  ignore line: [COLLECT_LTO_WRAPPER=/opt/rh/devtoolset-2/root/usr/libexec/gcc/x86_64-redhat-linux/4.8.2/lto-wrapper]
  ignore line: [Target: x86_64-redhat-linux]
  ignore line: [Configured with: ../configure --prefix=/opt/rh/devtoolset-2/root/usr --mandir=/opt/rh/devtoolset-2/root/usr/share/man --infodir=/opt/rh/devtoolset-2/root/usr/share/info --with-bugurl=http://bugzilla.redhat.com/bugzilla --enable-bootstrap --enable-shared --enable-threads=posix --enable-checking=release --with-system-zlib --enable-__cxa_atexit --disable-libunwind-exceptions --enable-gnu-unique-object --enable-linker-build-id --enable-languages=c,c++,fortran,lto --enable-plugin --with-linker-hash-style=gnu --enable-initfini-array --disable-libgcj --with-isl=/dev/shm/home/centos/rpm/BUILD/gcc-4.8.2-20140120/obj-x86_64-redhat-linux/isl-install --with-cloog=/dev/shm/home/centos/rpm/BUILD/gcc-4.8.2-20140120/obj-x86_64-redhat-linux/cloog-install --with-mpc=/dev/shm/home/centos/rpm/BUILD/gcc-4.8.2-20140120/obj-x86_64-redhat-linux/mpc-install --with-tune=generic --with-arch_32=i686 --build=x86_64-redhat-linux]
  ignore line: [Thread model: posix]
  ignore line: [gcc version 4.8.2 20140120 (Red Hat 4.8.2-15) (GCC) ]
  ignore line: [COMPILER_PATH=/opt/rh/devtoolset-2/root/usr/libexec/gcc/x86_64-redhat-linux/4.8.2/:/opt/rh/devtoolset-2/root/usr/libexec/gcc/x86_64-redhat-linux/4.8.2/:/opt/rh/devtoolset-2/root/usr/libexec/gcc/x86_64-redhat-linux/:/opt/rh/devtoolset-2/root/usr/lib/gcc/x86_64-redhat-linux/4.8.2/:/opt/rh/devtoolset-2/root/usr/lib/gcc/x86_64-redhat-linux/]
  ignore line: [LIBRARY_PATH=/opt/rh/devtoolset-2/root/usr/lib/gcc/x86_64-redhat-linux/4.8.2/:/opt/rh/devtoolset-2/root/usr/lib/gcc/x86_64-redhat-linux/4.8.2/../../../../lib64/:/lib/../lib64/:/usr/lib/../lib64/:/opt/intel/composer_xe_2013_sp1.3.174/compiler/lib/intel64/:/opt/intel/composer_xe_2013_sp1.3.174/ipp/../compiler/lib/intel64/:/opt/intel/composer_xe_2013_sp1.3.174/ipp/lib/intel64/:/opt/intel/composer_xe_2013_sp1.3.174/compiler/lib/intel64/:/opt/intel/composer_xe_2013_sp1.3.174/mkl/lib/intel64/:/opt/intel/composer_xe_2013_sp1.3.174/tbb/lib/intel64/gcc4.4/:/opt/rh/devtoolset-2/root/usr/lib/gcc/x86_64-redhat-linux/4.8.2/../../../:/lib/:/usr/lib/]
  ignore line: [COLLECT_GCC_OPTIONS='-v' '-o' 'cmTryCompileExec2308459636' '-rdynamic' '-mtune=generic' '-march=x86-64']
  link line: [ /opt/rh/devtoolset-2/root/usr/libexec/gcc/x86_64-redhat-linux/4.8.2/collect2 --build-id --no-add-needed --eh-frame-hdr --hash-style=gnu -m elf_x86_64 -export-dynamic -dynamic-linker /lib64/ld-linux-x86-64.so.2 -o cmTryCompileExec2308459636 /usr/lib/../lib64/crt1.o /usr/lib/../lib64/crti.o /opt/rh/devtoolset-2/root/usr/lib/gcc/x86_64-redhat-linux/4.8.2/crtbegin.o -L/opt/rh/devtoolset-2/root/usr/lib/gcc/x86_64-redhat-linux/4.8.2 -L/opt/rh/devtoolset-2/root/usr/lib/gcc/x86_64-redhat-linux/4.8.2/../../../../lib64 -L/lib/../lib64 -L/usr/lib/../lib64 -L/opt/intel/composer_xe_2013_sp1.3.174/compiler/lib/intel64 -L/opt/intel/composer_xe_2013_sp1.3.174/ipp/../compiler/lib/intel64 -L/opt/intel/composer_xe_2013_sp1.3.174/ipp/lib/intel64 -L/opt/intel/composer_xe_2013_sp1.3.174/compiler/lib/intel64 -L/opt/intel/composer_xe_2013_sp1.3.174/mkl/lib/intel64 -L/opt/intel/composer_xe_2013_sp1.3.174/tbb/lib/intel64/gcc4.4 -L/opt/rh/devtoolset-2/root/usr/lib/gcc/x86_64-redhat-linux/4.8.2/../../.. CMakeFiles/cmTryCompileExec2308459636.dir/CMakeCCompilerABI.c.o -lgcc --as-needed -lgcc_s --no-as-needed -lc -lgcc --as-needed -lgcc_s --no-as-needed /opt/rh/devtoolset-2/root/usr/lib/gcc/x86_64-redhat-linux/4.8.2/crtend.o /usr/lib/../lib64/crtn.o]
    arg [/opt/rh/devtoolset-2/root/usr/libexec/gcc/x86_64-redhat-linux/4.8.2/collect2] ==> ignore
    arg [--build-id] ==> ignore
    arg [--no-add-needed] ==> ignore
    arg [--eh-frame-hdr] ==> ignore
    arg [--hash-style=gnu] ==> ignore
    arg [-m] ==> ignore
    arg [elf_x86_64] ==> ignore
    arg [-export-dynamic] ==> ignore
    arg [-dynamic-linker] ==> ignore
    arg [/lib64/ld-linux-x86-64.so.2] ==> ignore
    arg [-o] ==> ignore
    arg [cmTryCompileExec2308459636] ==> ignore
    arg [/usr/lib/../lib64/crt1.o] ==> ignore
    arg [/usr/lib/../lib64/crti.o] ==> ignore
    arg [/opt/rh/devtoolset-2/root/usr/lib/gcc/x86_64-redhat-linux/4.8.2/crtbegin.o] ==> ignore
    arg [-L/opt/rh/devtoolset-2/root/usr/lib/gcc/x86_64-redhat-linux/4.8.2] ==> dir [/opt/rh/devtoolset-2/root/usr/lib/gcc/x86_64-redhat-linux/4.8.2]
    arg [-L/opt/rh/devtoolset-2/root/usr/lib/gcc/x86_64-redhat-linux/4.8.2/../../../../lib64] ==> dir [/opt/rh/devtoolset-2/root/usr/lib/gcc/x86_64-redhat-linux/4.8.2/../../../../lib64]
    arg [-L/lib/../lib64] ==> dir [/lib/../lib64]
    arg [-L/usr/lib/../lib64] ==> dir [/usr/lib/../lib64]
    arg [-L/opt/intel/composer_xe_2013_sp1.3.174/compiler/lib/intel64] ==> dir [/opt/intel/composer_xe_2013_sp1.3.174/compiler/lib/intel64]
    arg [-L/opt/intel/composer_xe_2013_sp1.3.174/ipp/../compiler/lib/intel64] ==> dir [/opt/intel/composer_xe_2013_sp1.3.174/ipp/../compiler/lib/intel64]
    arg [-L/opt/intel/composer_xe_2013_sp1.3.174/ipp/lib/intel64] ==> dir [/opt/intel/composer_xe_2013_sp1.3.174/ipp/lib/intel64]
    arg [-L/opt/intel/composer_xe_2013_sp1.3.174/compiler/lib/intel64] ==> dir [/opt/intel/composer_xe_2013_sp1.3.174/compiler/lib/intel64]
    arg [-L/opt/intel/composer_xe_2013_sp1.3.174/mkl/lib/intel64] ==> dir [/opt/intel/composer_xe_2013_sp1.3.174/mkl/lib/intel64]
    arg [-L/opt/intel/composer_xe_2013_sp1.3.174/tbb/lib/intel64/gcc4.4] ==> dir [/opt/intel/composer_xe_2013_sp1.3.174/tbb/lib/intel64/gcc4.4]
    arg [-L/opt/rh/devtoolset-2/root/usr/lib/gcc/x86_64-redhat-linux/4.8.2/../../..] ==> dir [/opt/rh/devtoolset-2/root/usr/lib/gcc/x86_64-redhat-linux/4.8.2/../../..]
    arg [CMakeFiles/cmTryCompileExec2308459636.dir/CMakeCCompilerABI.c.o] ==> ignore
    arg [-lgcc] ==> lib [gcc]
    arg [--as-needed] ==> ignore
    arg [-lgcc_s] ==> lib [gcc_s]
    arg [--no-as-needed] ==> ignore
    arg [-lc] ==> lib [c]
    arg [-lgcc] ==> lib [gcc]
    arg [--as-needed] ==> ignore
    arg [-lgcc_s] ==> lib [gcc_s]
    arg [--no-as-needed] ==> ignore
    arg [/opt/rh/devtoolset-2/root/usr/lib/gcc/x86_64-redhat-linux/4.8.2/crtend.o] ==> ignore
    arg [/usr/lib/../lib64/crtn.o] ==> ignore
  remove lib [gcc]
  remove lib [gcc_s]
  remove lib [gcc]
  remove lib [gcc_s]
  collapse library dir [/opt/rh/devtoolset-2/root/usr/lib/gcc/x86_64-redhat-linux/4.8.2] ==> [/opt/rh/devtoolset-2/root/usr/lib/gcc/x86_64-redhat-linux/4.8.2]
  collapse library dir [/opt/rh/devtoolset-2/root/usr/lib/gcc/x86_64-redhat-linux/4.8.2/../../../../lib64] ==> [/opt/rh/devtoolset-2/root/usr/lib64]
  collapse library dir [/lib/../lib64] ==> [/lib64]
  collapse library dir [/usr/lib/../lib64] ==> [/usr/lib64]
  collapse library dir [/opt/intel/composer_xe_2013_sp1.3.174/compiler/lib/intel64] ==> [/opt/intel/composer_xe_2013_sp1.3.174/compiler/lib/intel64]
  collapse library dir [/opt/intel/composer_xe_2013_sp1.3.174/ipp/../compiler/lib/intel64] ==> [/opt/intel/composer_xe_2013_sp1.3.174/compiler/lib/intel64]
  collapse library dir [/opt/intel/composer_xe_2013_sp1.3.174/ipp/lib/intel64] ==> [/opt/intel/composer_xe_2013_sp1.3.174/ipp/lib/intel64]
  collapse library dir [/opt/intel/composer_xe_2013_sp1.3.174/compiler/lib/intel64] ==> [/opt/intel/composer_xe_2013_sp1.3.174/compiler/lib/intel64]
  collapse library dir [/opt/intel/composer_xe_2013_sp1.3.174/mkl/lib/intel64] ==> [/opt/intel/composer_xe_2013_sp1.3.174/mkl/lib/intel64]
  collapse library dir [/opt/intel/composer_xe_2013_sp1.3.174/tbb/lib/intel64/gcc4.4] ==> [/opt/intel/composer_xe_2013_sp1.3.174/tbb/lib/intel64/gcc4.4]
  collapse library dir [/opt/rh/devtoolset-2/root/usr/lib/gcc/x86_64-redhat-linux/4.8.2/../../..] ==> [/opt/rh/devtoolset-2/root/usr/lib]
  implicit libs: [c]
  implicit dirs: [/opt/rh/devtoolset-2/root/usr/lib/gcc/x86_64-redhat-linux/4.8.2;/opt/rh/devtoolset-2/root/usr/lib64;/lib64;/usr/lib64;/opt/intel/composer_xe_2013_sp1.3.174/compiler/lib/intel64;/opt/intel/composer_xe_2013_sp1.3.174/ipp/lib/intel64;/opt/intel/composer_xe_2013_sp1.3.174/mkl/lib/intel64;/opt/intel/composer_xe_2013_sp1.3.174/tbb/lib/intel64/gcc4.4;/opt/rh/devtoolset-2/root/usr/lib]
  implicit fwks: []


Determining if the CXX compiler works passed with the following output:
Change Dir: /home/fufaev/DG2D-MPI/converterToVTK/build/CMakeFiles/CMakeTmp

Run Build Command:/usr/bin/gmake "cmTryCompileExec107282391/fast"
/usr/bin/gmake -f CMakeFiles/cmTryCompileExec107282391.dir/build.make CMakeFiles/cmTryCompileExec107282391.dir/build
gmake[1]: Entering directory `/home/fufaev/DG2D-MPI/converterToVTK/build/CMakeFiles/CMakeTmp'
/usr/bin/cmake -E cmake_progress_report /home/fufaev/DG2D-MPI/converterToVTK/build/CMakeFiles/CMakeTmp/CMakeFiles 1
Building CXX object CMakeFiles/cmTryCompileExec107282391.dir/testCXXCompiler.cxx.o
/opt/rh/devtoolset-2/root/usr/bin/c++     -o CMakeFiles/cmTryCompileExec107282391.dir/testCXXCompiler.cxx.o -c /home/fufaev/DG2D-MPI/converterToVTK/build/CMakeFiles/CMakeTmp/testCXXCompiler.cxx
Linking CXX executable cmTryCompileExec107282391
/usr/bin/cmake -E cmake_link_script CMakeFiles/cmTryCompileExec107282391.dir/link.txt --verbose=1
/opt/rh/devtoolset-2/root/usr/bin/c++        CMakeFiles/cmTryCompileExec107282391.dir/testCXXCompiler.cxx.o  -o cmTryCompileExec107282391 -rdynamic 
gmake[1]: Leaving directory `/home/fufaev/DG2D-MPI/converterToVTK/build/CMakeFiles/CMakeTmp'


Detecting CXX compiler ABI info compiled with the following output:
Change Dir: /home/fufaev/DG2D-MPI/converterToVTK/build/CMakeFiles/CMakeTmp

Run Build Command:/usr/bin/gmake "cmTryCompileExec1437349146/fast"
/usr/bin/gmake -f CMakeFiles/cmTryCompileExec1437349146.dir/build.make CMakeFiles/cmTryCompileExec1437349146.dir/build
gmake[1]: Entering directory `/home/fufaev/DG2D-MPI/converterToVTK/build/CMakeFiles/CMakeTmp'
/usr/bin/cmake -E cmake_progress_report /home/fufaev/DG2D-MPI/converterToVTK/build/CMakeFiles/CMakeTmp/CMakeFiles 1
Building CXX object CMakeFiles/cmTryCompileExec1437349146.dir/CMakeCXXCompilerABI.cpp.o
/opt/rh/devtoolset-2/root/usr/bin/c++     -o CMakeFiles/cmTryCompileExec1437349146.dir/CMakeCXXCompilerABI.cpp.o -c /usr/share/cmake/Modules/CMakeCXXCompilerABI.cpp
Linking CXX executable cmTryCompileExec1437349146
/usr/bin/cmake -E cmake_link_script CMakeFiles/cmTryCompileExec1437349146.dir/link.txt --verbose=1
/opt/rh/devtoolset-2/root/usr/bin/c++      -v CMakeFiles/cmTryCompileExec1437349146.dir/CMakeCXXCompilerABI.cpp.o  -o cmTryCompileExec1437349146 -rdynamic  
Using built-in specs.
COLLECT_GCC=/opt/rh/devtoolset-2/root/usr/bin/c++
COLLECT_LTO_WRAPPER=/opt/rh/devtoolset-2/root/usr/libexec/gcc/x86_64-redhat-linux/4.8.2/lto-wrapper
Target: x86_64-redhat-linux
Configured with: ../configure --prefix=/opt/rh/devtoolset-2/root/usr --mandir=/opt/rh/devtoolset-2/root/usr/share/man --infodir=/opt/rh/devtoolset-2/root/usr/share/info --with-bugurl=http://bugzilla.redhat.com/bugzilla --enable-bootstrap --enable-shared --enable-threads=posix --enable-checking=release --with-system-zlib --enable-__cxa_atexit --disable-libunwind-exceptions --enable-gnu-unique-object --enable-linker-build-id --enable-languages=c,c++,fortran,lto --enable-plugin --with-linker-hash-style=gnu --enable-initfini-array --disable-libgcj --with-isl=/dev/shm/home/centos/rpm/BUILD/gcc-4.8.2-20140120/obj-x86_64-redhat-linux/isl-install --with-cloog=/dev/shm/home/centos/rpm/BUILD/gcc-4.8.2-20140120/obj-x86_64-redhat-linux/cloog-install --with-mpc=/dev/shm/home/centos/rpm/BUILD/gcc-4.8.2-20140120/obj-x86_64-redhat-linux/mpc-install --with-tune=generic --with-arch_32=i686 --build=x86_64-redhat-linux
Thread model: posix
gcc version 4.8.2 20140120 (Red Hat 4.8.2-15) (GCC) 
COMPILER_PATH=/opt/rh/devtoolset-2/root/usr/libexec/gcc/x86_64-redhat-linux/4.8.2/:/opt/rh/devtoolset-2/root/usr/libexec/gcc/x86_64-redhat-linux/4.8.2/:/opt/rh/devtoolset-2/root/usr/libexec/gcc/x86_64-redhat-linux/:/opt/rh/devtoolset-2/root/usr/lib/gcc/x86_64-redhat-linux/4.8.2/:/opt/rh/devtoolset-2/root/usr/lib/gcc/x86_64-redhat-linux/
LIBRARY_PATH=/opt/rh/devtoolset-2/root/usr/lib/gcc/x86_64-redhat-linux/4.8.2/:/opt/rh/devtoolset-2/root/usr/lib/gcc/x86_64-redhat-linux/4.8.2/../../../../lib64/:/lib/../lib64/:/usr/lib/../lib64/:/opt/intel/composer_xe_2013_sp1.3.174/compiler/lib/intel64/:/opt/intel/composer_xe_2013_sp1.3.174/ipp/../compiler/lib/intel64/:/opt/intel/composer_xe_2013_sp1.3.174/ipp/lib/intel64/:/opt/intel/composer_xe_2013_sp1.3.174/compiler/lib/intel64/:/opt/intel/composer_xe_2013_sp1.3.174/mkl/lib/intel64/:/opt/intel/composer_xe_2013_sp1.3.174/tbb/lib/intel64/gcc4.4/:/opt/rh/devtoolset-2/root/usr/lib/gcc/x86_64-redhat-linux/4.8.2/../../../:/lib/:/usr/lib/
COLLECT_GCC_OPTIONS='-v' '-o' 'cmTryCompileExec1437349146' '-rdynamic' '-shared-libgcc' '-mtune=generic' '-march=x86-64'
 /opt/rh/devtoolset-2/root/usr/libexec/gcc/x86_64-redhat-linux/4.8.2/collect2 --build-id --no-add-needed --eh-frame-hdr --hash-style=gnu -m elf_x86_64 -export-dynamic -dynamic-linker /lib64/ld-linux-x86-64.so.2 -o cmTryCompileExec1437349146 /usr/lib/../lib64/crt1.o /usr/lib/../lib64/crti.o /opt/rh/devtoolset-2/root/usr/lib/gcc/x86_64-redhat-linux/4.8.2/crtbegin.o -L/opt/rh/devtoolset-2/root/usr/lib/gcc/x86_64-redhat-linux/4.8.2 -L/opt/rh/devtoolset-2/root/usr/lib/gcc/x86_64-redhat-linux/4.8.2/../../../../lib64 -L/lib/../lib64 -L/usr/lib/../lib64 -L/opt/intel/composer_xe_2013_sp1.3.174/compiler/lib/intel64 -L/opt/intel/composer_xe_2013_sp1.3.174/ipp/../compiler/lib/intel64 -L/opt/intel/composer_xe_2013_sp1.3.174/ipp/lib/intel64 -L/opt/intel/composer_xe_2013_sp1.3.174/compiler/lib/intel64 -L/opt/intel/composer_xe_2013_sp1.3.174/mkl/lib/intel64 -L/opt/intel/composer_xe_2013_sp1.3.174/tbb/lib/intel64/gcc4.4 -L/opt/rh/devtoolset-2/root/usr/lib/gcc/x86_64-redhat-linux/4.8.2/../../.. CMakeFiles/cmTryCompileExec1437349146.dir/CMakeCXXCompilerABI.cpp.o -lstdc++ -lm -lgcc_s -lgcc -lc -lgcc_s -lgcc /opt/rh/devtoolset-2/root/usr/lib/gcc/x86_64-redhat-linux/4.8.2/crtend.o /usr/lib/../lib64/crtn.o
gmake[1]: Leaving directory `/home/fufaev/DG2D-MPI/converterToVTK/build/CMakeFiles/CMakeTmp'


Parsed CXX implicit link information from above output:
  link line regex: [^( *|.*[/\])(ld|([^/\]+-)?ld|collect2)[^/\]*( |$)]
  ignore line: [Change Dir: /home/fufaev/DG2D-MPI/converterToVTK/build/CMakeFiles/CMakeTmp]
  ignore line: []
  ignore line: [Run Build Command:/usr/bin/gmake "cmTryCompileExec1437349146/fast"]
  ignore line: [/usr/bin/gmake -f CMakeFiles/cmTryCompileExec1437349146.dir/build.make CMakeFiles/cmTryCompileExec1437349146.dir/build]
  ignore line: [gmake[1]: Entering directory `/home/fufaev/DG2D-MPI/converterToVTK/build/CMakeFiles/CMakeTmp']
  ignore line: [/usr/bin/cmake -E cmake_progress_report /home/fufaev/DG2D-MPI/converterToVTK/build/CMakeFiles/CMakeTmp/CMakeFiles 1]
  ignore line: [Building CXX object CMakeFiles/cmTryCompileExec1437349146.dir/CMakeCXXCompilerABI.cpp.o]
  ignore line: [/opt/rh/devtoolset-2/root/usr/bin/c++     -o CMakeFiles/cmTryCompileExec1437349146.dir/CMakeCXXCompilerABI.cpp.o -c /usr/share/cmake/Modules/CMakeCXXCompilerABI.cpp]
  ignore line: [Linking CXX executable cmTryCompileExec1437349146]
  ignore line: [/usr/bin/cmake -E cmake_link_script CMakeFiles/cmTryCompileExec1437349146.dir/link.txt --verbose=1]
  ignore line: [/opt/rh/devtoolset-2/root/usr/bin/c++      -v CMakeFiles/cmTryCompileExec1437349146.dir/CMakeCXXCompilerABI.cpp.o  -o cmTryCompileExec1437349146 -rdynamic  ]
  ignore line: [Using built-in specs.]
  ignore line: [COLLECT_GCC=/opt/rh/devtoolset-2/root/usr/bin/c++]
  ignore line: [COLLECT_LTO_WRAPPER=/opt/rh/devtoolset-2/root/usr/libexec/gcc/x86_64-redhat-linux/4.8.2/lto-wrapper]
  ignore line: [Target: x86_64-redhat-linux]
  ignore line: [Configured with: ../configure --prefix=/opt/rh/devtoolset-2/root/usr --mandir=/opt/rh/devtoolset-2/root/usr/share/man --infodir=/opt/rh/devtoolset-2/root/usr/share/info --with-bugurl=http://bugzilla.redhat.com/bugzilla --enable-bootstrap --enable-shared --enable-threads=posix --enable-checking=release --with-system-zlib --enable-__cxa_atexit --disable-libunwind-exceptions --enable-gnu-unique-object --enable-linker-build-id --enable-languages=c,c++,fortran,lto --enable-plugin --with-linker-hash-style=gnu --enable-initfini-array --disable-libgcj --with-isl=/dev/shm/home/centos/rpm/BUILD/gcc-4.8.2-20140120/obj-x86_64-redhat-linux/isl-install --with-cloog=/dev/shm/home/centos/rpm/BUILD/gcc-4.8.2-20140120/obj-x86_64-redhat-linux/cloog-install --with-mpc=/dev/shm/home/centos/rpm/BUILD/gcc-4.8.2-20140120/obj-x86_64-redhat-linux/mpc-install --with-tune=generic --with-arch_32=i686 --build=x86_64-redhat-linux]
  ignore line: [Thread model: posix]
  ignore line: [gcc version 4.8.2 20140120 (Red Hat 4.8.2-15) (GCC) ]
  ignore line: [COMPILER_PATH=/opt/rh/devtoolset-2/root/usr/libexec/gcc/x86_64-redhat-linux/4.8.2/:/opt/rh/devtoolset-2/root/usr/libexec/gcc/x86_64-redhat-linux/4.8.2/:/opt/rh/devtoolset-2/root/usr/libexec/gcc/x86_64-redhat-linux/:/opt/rh/devtoolset-2/root/usr/lib/gcc/x86_64-redhat-linux/4.8.2/:/opt/rh/devtoolset-2/root/usr/lib/gcc/x86_64-redhat-linux/]
  ignore line: [LIBRARY_PATH=/opt/rh/devtoolset-2/root/usr/lib/gcc/x86_64-redhat-linux/4.8.2/:/opt/rh/devtoolset-2/root/usr/lib/gcc/x86_64-redhat-linux/4.8.2/../../../../lib64/:/lib/../lib64/:/usr/lib/../lib64/:/opt/intel/composer_xe_2013_sp1.3.174/compiler/lib/intel64/:/opt/intel/composer_xe_2013_sp1.3.174/ipp/../compiler/lib/intel64/:/opt/intel/composer_xe_2013_sp1.3.174/ipp/lib/intel64/:/opt/intel/composer_xe_2013_sp1.3.174/compiler/lib/intel64/:/opt/intel/composer_xe_2013_sp1.3.174/mkl/lib/intel64/:/opt/intel/composer_xe_2013_sp1.3.174/tbb/lib/intel64/gcc4.4/:/opt/rh/devtoolset-2/root/usr/lib/gcc/x86_64-redhat-linux/4.8.2/../../../:/lib/:/usr/lib/]
  ignore line: [COLLECT_GCC_OPTIONS='-v' '-o' 'cmTryCompileExec1437349146' '-rdynamic' '-shared-libgcc' '-mtune=generic' '-march=x86-64']
  link line: [ /opt/rh/devtoolset-2/root/usr/libexec/gcc/x86_64-redhat-linux/4.8.2/collect2 --build-id --no-add-needed --eh-frame-hdr --hash-style=gnu -m elf_x86_64 -export-dynamic -dynamic-linker /lib64/ld-linux-x86-64.so.2 -o cmTryCompileExec1437349146 /usr/lib/../lib64/crt1.o /usr/lib/../lib64/crti.o /opt/rh/devtoolset-2/root/usr/lib/gcc/x86_64-redhat-linux/4.8.2/crtbegin.o -L/opt/rh/devtoolset-2/root/usr/lib/gcc/x86_64-redhat-linux/4.8.2 -L/opt/rh/devtoolset-2/root/usr/lib/gcc/x86_64-redhat-linux/4.8.2/../../../../lib64 -L/lib/../lib64 -L/usr/lib/../lib64 -L/opt/intel/composer_xe_2013_sp1.3.174/compiler/lib/intel64 -L/opt/intel/composer_xe_2013_sp1.3.174/ipp/../compiler/lib/intel64 -L/opt/intel/composer_xe_2013_sp1.3.174/ipp/lib/intel64 -L/opt/intel/composer_xe_2013_sp1.3.174/compiler/lib/intel64 -L/opt/intel/composer_xe_2013_sp1.3.174/mkl/lib/intel64 -L/opt/intel/composer_xe_2013_sp1.3.174/tbb/lib/intel64/gcc4.4 -L/opt/rh/devtoolset-2/root/usr/lib/gcc/x86_64-redhat-linux/4.8.2/../../.. CMakeFiles/cmTryCompileExec1437349146.dir/CMakeCXXCompilerABI.cpp.o -lstdc++ -lm -lgcc_s -lgcc -lc -lgcc_s -lgcc /opt/rh/devtoolset-2/root/usr/lib/gcc/x86_64-redhat-linux/4.8.2/crtend.o /usr/lib/../lib64/crtn.o]
    arg [/opt/rh/devtoolset-2/root/usr/libexec/gcc/x86_64-redhat-linux/4.8.2/collect2] ==> ignore
    arg [--build-id] ==> ignore
    arg [--no-add-needed] ==> ignore
    arg [--eh-frame-hdr] ==> ignore
    arg [--hash-style=gnu] ==> ignore
    arg [-m] ==> ignore
    arg [elf_x86_64] ==> ignore
    arg [-export-dynamic] ==> ignore
    arg [-dynamic-linker] ==> ignore
    arg [/lib64/ld-linux-x86-64.so.2] ==> ignore
    arg [-o] ==> ignore
    arg [cmTryCompileExec1437349146] ==> ignore
    arg [/usr/lib/../lib64/crt1.o] ==> ignore
    arg [/usr/lib/../lib64/crti.o] ==> ignore
    arg [/opt/rh/devtoolset-2/root/usr/lib/gcc/x86_64-redhat-linux/4.8.2/crtbegin.o] ==> ignore
    arg [-L/opt/rh/devtoolset-2/root/usr/lib/gcc/x86_64-redhat-linux/4.8.2] ==> dir [/opt/rh/devtoolset-2/root/usr/lib/gcc/x86_64-redhat-linux/4.8.2]
    arg [-L/opt/rh/devtoolset-2/root/usr/lib/gcc/x86_64-redhat-linux/4.8.2/../../../../lib64] ==> dir [/opt/rh/devtoolset-2/root/usr/lib/gcc/x86_64-redhat-linux/4.8.2/../../../../lib64]
    arg [-L/lib/../lib64] ==> dir [/lib/../lib64]
    arg [-L/usr/lib/../lib64] ==> dir [/usr/lib/../lib64]
    arg [-L/opt/intel/composer_xe_2013_sp1.3.174/compiler/lib/intel64] ==> dir [/opt/intel/composer_xe_2013_sp1.3.174/compiler/lib/intel64]
    arg [-L/opt/intel/composer_xe_2013_sp1.3.174/ipp/../compiler/lib/intel64] ==> dir [/opt/intel/composer_xe_2013_sp1.3.174/ipp/../compiler/lib/intel64]
    arg [-L/opt/intel/composer_xe_2013_sp1.3.174/ipp/lib/intel64] ==> dir [/opt/intel/composer_xe_2013_sp1.3.174/ipp/lib/intel64]
    arg [-L/opt/intel/composer_xe_2013_sp1.3.174/compiler/lib/intel64] ==> dir [/opt/intel/composer_xe_2013_sp1.3.174/compiler/lib/intel64]
    arg [-L/opt/intel/composer_xe_2013_sp1.3.174/mkl/lib/intel64] ==> dir [/opt/intel/composer_xe_2013_sp1.3.174/mkl/lib/intel64]
    arg [-L/opt/intel/composer_xe_2013_sp1.3.174/tbb/lib/intel64/gcc4.4] ==> dir [/opt/intel/composer_xe_2013_sp1.3.174/tbb/lib/intel64/gcc4.4]
    arg [-L/opt/rh/devtoolset-2/root/usr/lib/gcc/x86_64-redhat-linux/4.8.2/../../..] ==> dir [/opt/rh/devtoolset-2/root/usr/lib/gcc/x86_64-redhat-linux/4.8.2/../../..]
    arg [CMakeFiles/cmTryCompileExec1437349146.dir/CMakeCXXCompilerABI.cpp.o] ==> ignore
    arg [-lstdc++] ==> lib [stdc++]
    arg [-lm] ==> lib [m]
    arg [-lgcc_s] ==> lib [gcc_s]
    arg [-lgcc] ==> lib [gcc]
    arg [-lc] ==> lib [c]
    arg [-lgcc_s] ==> lib [gcc_s]
    arg [-lgcc] ==> lib [gcc]
    arg [/opt/rh/devtoolset-2/root/usr/lib/gcc/x86_64-redhat-linux/4.8.2/crtend.o] ==> ignore
    arg [/usr/lib/../lib64/crtn.o] ==> ignore
  remove lib [gcc_s]
  remove lib [gcc]
  remove lib [gcc_s]
  remove lib [gcc]
  collapse library dir [/opt/rh/devtoolset-2/root/usr/lib/gcc/x86_64-redhat-linux/4.8.2] ==> [/opt/rh/devtoolset-2/root/usr/lib/gcc/x86_64-redhat-linux/4.8.2]
  collapse library dir [/opt/rh/devtoolset-2/root/usr/lib/gcc/x86_64-redhat-linux/4.8.2/../../../../lib64] ==> [/opt/rh/devtoolset-2/root/usr/lib64]
  collapse library dir [/lib/../lib64] ==> [/lib64]
  collapse library dir [/usr/lib/../lib64] ==> [/usr/lib64]
  collapse library dir [/opt/intel/composer_xe_2013_sp1.3.174/compiler/lib/intel64] ==> [/opt/intel/composer_xe_2013_sp1.3.174/compiler/lib/intel64]
  collapse library dir [/opt/intel/composer_xe_2013_sp1.3.174/ipp/../compiler/lib/intel64] ==> [/opt/intel/composer_xe_2013_sp1.3.174/compiler/lib/intel64]
  collapse library dir [/opt/intel/composer_xe_2013_sp1.3.174/ipp/lib/intel64] ==> [/opt/intel/composer_xe_2013_sp1.3.174/ipp/lib/intel64]
  collapse library dir [/opt/intel/composer_xe_2013_sp1.3.174/compiler/lib/intel64] ==> [/opt/intel/composer_xe_2013_sp1.3.174/compiler/lib/intel64]
  collapse library dir [/opt/intel/composer_xe_2013_sp1.3.174/mkl/lib/intel64] ==> [/opt/intel/composer_xe_2013_sp1.3.174/mkl/lib/intel64]
  collapse library dir [/opt/intel/composer_xe_2013_sp1.3.174/tbb/lib/intel64/gcc4.4] ==> [/opt/intel/composer_xe_2013_sp1.3.174/tbb/lib/intel64/gcc4.4]
  collapse library dir [/opt/rh/devtoolset-2/root/usr/lib/gcc/x86_64-redhat-linux/4.8.2/../../..] ==> [/opt/rh/devtoolset-2/root/usr/lib]
  implicit libs: [stdc++;m;c]
  implicit dirs: [/opt/rh/devtoolset-2/root/usr/lib/gcc/x86_64-redhat-linux/4.8.2;/opt/rh/devtoolset-2/root/usr/lib64;/lib64;/usr/lib64;/opt/intel/composer_xe_2013_sp1.3.174/compiler/lib/intel64;/opt/intel/composer_xe_2013_sp1.3.174/ipp/lib/intel64;/opt/intel/composer_xe_2013_sp1.3.174/mkl/lib/intel64;/opt/intel/composer_xe_2013_sp1.3.174/tbb/lib/intel64/gcc4.4;/opt/rh/devtoolset-2/root/usr/lib]
  implicit fwks: []


