c:\users\darksy\documents\github\rkdg2d\build\dg2d.dir\release\edge.obj
c:\users\darksy\documents\github\rkdg2d\build\dg2d.dir\release\cell.obj
c:\users\darksy\documents\github\rkdg2d\build\dg2d.dir\release\limiterwenos.obj
c:\users\darksy\documents\github\rkdg2d\build\dg2d.dir\release\limiterriemannwenos.obj
c:\users\darksy\documents\github\rkdg2d\build\dg2d.dir\release\limiterfindiff.obj
c:\users\darksy\documents\github\rkdg2d\build\dg2d.dir\release\limiterbj.obj
c:\users\darksy\documents\github\rkdg2d\build\dg2d.dir\release\limiter.obj
c:\users\darksy\documents\github\rkdg2d\build\dg2d.dir\release\indicatornowhere.obj
c:\users\darksy\documents\github\rkdg2d\build\dg2d.dir\release\indicatoreverywhere.obj
c:\users\darksy\documents\github\rkdg2d\build\dg2d.dir\release\indicator.obj
c:\users\darksy\documents\github\rkdg2d\build\dg2d.dir\release\fluxllf.obj
c:\users\darksy\documents\github\rkdg2d\build\dg2d.dir\release\fluxhllc.obj
c:\users\darksy\documents\github\rkdg2d\build\dg2d.dir\release\fluxhll.obj
c:\users\darksy\documents\github\rkdg2d\build\dg2d.dir\release\flux.obj
c:\users\darksy\documents\github\rkdg2d\build\dg2d.dir\release\boundaryslip.obj
c:\users\darksy\documents\github\rkdg2d\build\dg2d.dir\release\boundaryopen.obj
c:\users\darksy\documents\github\rkdg2d\build\dg2d.dir\release\boundaryconstant.obj
c:\users\darksy\documents\github\rkdg2d\build\dg2d.dir\release\boundary.obj
c:\users\darksy\documents\github\rkdg2d\build\dg2d.dir\release\basis.obj
c:\users\darksy\documents\github\rkdg2d\build\dg2d.dir\release\dg_mpi.obj
c:\users\darksy\documents\github\rkdg2d\build\dg2d.dir\release\defs.obj
c:\users\darksy\documents\github\rkdg2d\build\dg2d.dir\release\compservice.obj
c:\users\darksy\documents\github\rkdg2d\build\dg2d.dir\release\writer.obj
c:\users\darksy\documents\github\rkdg2d\build\dg2d.dir\release\timestepper.obj
c:\users\darksy\documents\github\rkdg2d\build\dg2d.dir\release\rungekutta.obj
c:\users\darksy\documents\github\rkdg2d\build\dg2d.dir\release\timecontrol.obj
c:\users\darksy\documents\github\rkdg2d\build\dg2d.dir\release\solver.obj
c:\users\darksy\documents\github\rkdg2d\build\dg2d.dir\release\solution.obj
c:\users\darksy\documents\github\rkdg2d\build\dg2d.dir\release\problem.obj
c:\users\darksy\documents\github\rkdg2d\build\dg2d.dir\release\physics.obj
c:\users\darksy\documents\github\rkdg2d\build\dg2d.dir\release\mesh.obj
c:\users\darksy\documents\github\rkdg2d\build\cmakefiles\generate.stamp
c:\users\darksy\documents\github\rkdg2d\build\release\dg2d.exe
c:\users\darksy\documents\github\rkdg2d\build\dg2d.dir\release\dg2d.tlog\cl.command.1.tlog
c:\users\darksy\documents\github\rkdg2d\build\dg2d.dir\release\dg2d.tlog\cl.read.1.tlog
c:\users\darksy\documents\github\rkdg2d\build\dg2d.dir\release\dg2d.tlog\cl.write.1.tlog
c:\users\darksy\documents\github\rkdg2d\build\dg2d.dir\release\dg2d.tlog\custombuild.command.1.tlog
c:\users\darksy\documents\github\rkdg2d\build\dg2d.dir\release\dg2d.tlog\custombuild.read.1.tlog
c:\users\darksy\documents\github\rkdg2d\build\dg2d.dir\release\dg2d.tlog\custombuild.write.1.tlog
c:\users\darksy\documents\github\rkdg2d\build\dg2d.dir\release\dg2d.tlog\link.command.1.tlog
c:\users\darksy\documents\github\rkdg2d\build\dg2d.dir\release\dg2d.tlog\link.read.1.tlog
c:\users\darksy\documents\github\rkdg2d\build\dg2d.dir\release\dg2d.tlog\link.write.1.tlog
