  Building Custom Rule C:/Users/Darksy/Documents/GitHub/RKDG2D/CMakeLists.txt
  CMake does not need to re-run because C:/Users/Darksy/Documents/GitHub/RKDG2D/build/CMakeFiles/generate.stamp is up-to-date.
  DG_MPI.cpp
  Basis.cpp
  Boundary.cpp
  BoundaryConstant.cpp
  BoundaryOpen.cpp
  BoundarySlip.cpp
  Flux.cpp
  FluxHLL.cpp
  FluxHLLC.cpp
  FluxLLF.cpp
  Indicator.cpp
  IndicatorEverywhere.cpp
c:\users\darksy\documents\github\rkdg2d\src\indicator\indicatoreverywhere.cpp(10): warning C4267: инициализация: преобразование из "size_t" в "int"; возможна потеря данных
c:\users\darksy\documents\github\rkdg2d\src\indicator\indicatoreverywhere.cpp(13): warning C4010: однострочный комментарий содержит знак объединения строк
c:\users\darksy\documents\github\rkdg2d\src\indicator\indicatoreverywhere.cpp(16): warning C4267: =: преобразование из "size_t" в "_Ty"; возможна потеря данных
          with
          [
              _Ty=int
          ]
  IndicatorNowhere.cpp
  Limiter.cpp
c:\users\darksy\documents\github\rkdg2d\src\limiter\limiter.cpp(13): warning C4267: инициализация: преобразование из "size_t" в "int"; возможна потеря данных
  LimiterBJ.cpp
c:\users\darksy\documents\github\rkdg2d\src\limiter\limiterbj.cpp(48): warning C4267: инициализация: преобразование из "size_t" в "int"; возможна потеря данных
c:\users\darksy\documents\github\rkdg2d\src\limiter\limiterbj.cpp(97): warning C4267: инициализация: преобразование из "size_t" в "int"; возможна потеря данных
  LimiterFinDiff.cpp
c:\users\darksy\documents\github\rkdg2d\src\limiter\limiterfindiff.cpp(7): warning C4267: инициализация: преобразование из "size_t" в "int"; возможна потеря данных
  LimiterRiemannWENOS.cpp
c:\users\darksy\documents\github\rkdg2d\src\limiter\limiterriemannwenos.cpp(25): warning C4267: инициализация: преобразование из "size_t" в "int"; возможна потеря данных
c:\users\darksy\documents\github\rkdg2d\src\limiter\limiterriemannwenos.cpp(26): warning C4267: инициализация: преобразование из "size_t" в "int"; возможна потеря данных
c:\users\darksy\documents\github\rkdg2d\src\limiter\limiterriemannwenos.cpp(87): warning C4267: аргумент: преобразование из "size_t" в "int"; возможна потеря данных
c:\users\darksy\documents\github\rkdg2d\src\limiter\limiterriemannwenos.cpp(142): warning C4267: инициализация: преобразование из "size_t" в "int"; возможна потеря данных
c:\users\darksy\documents\github\rkdg2d\src\limiter\limiterriemannwenos.cpp(209): warning C4267: инициализация: преобразование из "size_t" в "int"; возможна потеря данных
  LimiterWENOS.cpp
c:\users\darksy\documents\github\rkdg2d\src\limiter\limiterwenos.cpp(25): warning C4267: инициализация: преобразование из "size_t" в "int"; возможна потеря данных
c:\users\darksy\documents\github\rkdg2d\src\limiter\limiterwenos.cpp(83): warning C4267: инициализация: преобразование из "size_t" в "int"; возможна потеря данных
c:\users\darksy\documents\github\rkdg2d\src\limiter\limiterwenos.cpp(161): warning C4267: аргумент: преобразование из "size_t" в "int"; возможна потеря данных
c:\users\darksy\documents\github\rkdg2d\src\limiter\limiterwenos.cpp(208): warning C4010: однострочный комментарий содержит знак объединения строк
  Cell.cpp
c:\users\darksy\documents\github\rkdg2d\src\mesh\cell.cpp(15): warning C4267: =: преобразование из "size_t" в "int"; возможна потеря данных
c:\users\darksy\documents\github\rkdg2d\src\mesh\cell.cpp(69): warning C4267: инициализация: преобразование из "size_t" в "int"; возможна потеря данных
  Edge.cpp
  Создание кода...
  Компиляция...
  Mesh.cpp
c:\users\darksy\documents\github\rkdg2d\src\mesh\mesh.cpp(140): warning C4267: +=: преобразование из "size_t" в "int"; возможна потеря данных
c:\users\darksy\documents\github\rkdg2d\src\mesh\mesh.cpp(176): warning C4267: =: преобразование из "size_t" в "int"; возможна потеря данных
c:\users\darksy\documents\github\rkdg2d\src\mesh\mesh.cpp(639): warning C4010: однострочный комментарий содержит знак объединения строк
  Physics.cpp
  Problem.cpp
  Solution.cpp
  Solver.cpp
c:\users\darksy\documents\github\rkdg2d\src\solver\solver.cpp(78): warning C4267: +=: преобразование из "size_t" в "int"; возможна потеря данных
c:\users\darksy\documents\github\rkdg2d\src\solver\solver.cpp(85): warning C4267: +=: преобразование из "size_t" в "int"; возможна потеря данных
c:\users\darksy\documents\github\rkdg2d\src\solver\solver.cpp(101): warning C4267: =: преобразование из "size_t" в "_Ty"; возможна потеря данных
          with
          [
              _Ty=int
          ]
c:\users\darksy\documents\github\rkdg2d\src\solver\solver.cpp(102): warning C4267: =: преобразование из "size_t" в "_Ty"; возможна потеря данных
          with
          [
              _Ty=int
          ]
c:\users\darksy\documents\github\rkdg2d\src\solver\solver.cpp(146): warning C4267: инициализация: преобразование из "size_t" в "int"; возможна потеря данных
c:\users\darksy\documents\github\rkdg2d\src\solver\solver.cpp(162): warning C4267: инициализация: преобразование из "size_t" в "int"; возможна потеря данных
c:\users\darksy\documents\github\rkdg2d\src\solver\solver.cpp(220): warning C4010: однострочный комментарий содержит знак объединения строк
c:\users\darksy\documents\github\rkdg2d\src\solver\solver.cpp(221): warning C4010: однострочный комментарий содержит знак объединения строк
c:\users\darksy\documents\github\rkdg2d\src\solver\solver.cpp(222): warning C4010: однострочный комментарий содержит знак объединения строк
  TimeControl.cpp
  RungeKutta.cpp
c:\users\darksy\documents\github\rkdg2d\src\timestepper\rungekutta.cpp(229): warning C4010: однострочный комментарий содержит знак объединения строк
  TimeStepper.cpp
  Writer.cpp
  compService.cpp
c:\users\darksy\documents\github\rkdg2d\src\compservice\compservice.cpp(135): warning C4244: return: преобразование "__int64" в "int", возможна потеря данных
  defs.cpp
c:\users\darksy\documents\github\rkdg2d\src\defs\defs.cpp(18): warning C4267: аргумент: преобразование из "size_t" в "int"; возможна потеря данных
c:\users\darksy\documents\github\rkdg2d\src\defs\defs.cpp(30): warning C4267: аргумент: преобразование из "size_t" в "int"; возможна потеря данных
c:\users\darksy\documents\github\rkdg2d\src\defs\defs.cpp(46): warning C4267: аргумент: преобразование из "size_t" в "int"; возможна потеря данных
c:\users\darksy\documents\github\rkdg2d\src\defs\defs.cpp(60): warning C4267: аргумент: преобразование из "size_t" в "int"; возможна потеря данных
  Создание кода...
  DG2D.vcxproj -> C:\Users\Darksy\Documents\GitHub\RKDG2D\build\Release\DG2D.exe
